c:\users\user\onedrive\documents\unrealrpg\250311_winapi\250304_winapi\x64\debug\vc143.pdb
c:\users\user\onedrive\documents\unrealrpg\250311_winapi\250304_winapi\x64\debug\vc143.idb
c:\users\user\onedrive\documents\unrealrpg\250311_winapi\250304_winapi\x64\debug\main.obj
c:\users\user\onedrive\documents\unrealrpg\250311_winapi\250304_winapi\x64\debug\tank.obj
c:\users\user\onedrive\documents\unrealrpg\250311_winapi\250304_winapi\x64\debug\maingame.obj
c:\users\user\onedrive\documents\unrealrpg\250311_winapi\250304_winapi\x64\debug\enemy.obj
c:\users\user\onedrive\documents\unrealrpg\250311_winapi\250304_winapi\x64\debug\missile.obj
c:\users\user\onedrive\documents\unrealrpg\250311_winapi\250304_winapi\x64\debug\gameobject.obj
c:\users\user\onedrive\documents\unrealrpg\250311_winapi\250304_winapi\x64\debug\image.obj
c:\users\user\onedrive\documents\unrealrpg\250311_winapi\x64\debug\250304_winapi.exe
c:\users\user\onedrive\documents\unrealrpg\250311_winapi\x64\debug\250304_winapi.pdb
c:\users\user\onedrive\documents\unrealrpg\250311_winapi\250304_winapi\x64\debug\250304_winapi.ilk
c:\users\user\onedrive\documents\unrealrpg\250311_winapi\250304_winapi\x64\debug\250304_winapi.tlog\cl.command.1.tlog
c:\users\user\onedrive\documents\unrealrpg\250311_winapi\250304_winapi\x64\debug\250304_winapi.tlog\cl.items.tlog
c:\users\user\onedrive\documents\unrealrpg\250311_winapi\250304_winapi\x64\debug\250304_winapi.tlog\cl.read.1.tlog
c:\users\user\onedrive\documents\unrealrpg\250311_winapi\250304_winapi\x64\debug\250304_winapi.tlog\cl.write.1.tlog
c:\users\user\onedrive\documents\unrealrpg\250311_winapi\250304_winapi\x64\debug\250304_winapi.tlog\link.command.1.tlog
c:\users\user\onedrive\documents\unrealrpg\250311_winapi\250304_winapi\x64\debug\250304_winapi.tlog\link.read.1.tlog
c:\users\user\onedrive\documents\unrealrpg\250311_winapi\250304_winapi\x64\debug\250304_winapi.tlog\link.secondary.1.tlog
c:\users\user\onedrive\documents\unrealrpg\250311_winapi\250304_winapi\x64\debug\250304_winapi.tlog\link.write.1.tlog
