  Character.cpp
C:\Users\user\Desktop\kof Git\KOF_project\250304_WinAPI\CommonFunction.h(97,17): warning C4244: '=': 'float'에서 'LONG'(으)로 변환하면서 데이터가 손실될 수 있습니다.
  (소스 파일 'Character.cpp'을(를) 컴파일하는 중)
  
C:\Users\user\Desktop\kof Git\KOF_project\250304_WinAPI\CommonFunction.h(99,16): warning C4244: '=': 'float'에서 'LONG'(으)로 변환하면서 데이터가 손실될 수 있습니다.
  (소스 파일 'Character.cpp'을(를) 컴파일하는 중)
  
C:\Users\user\Desktop\kof Git\KOF_project\250304_WinAPI\Character.cpp(19,42): warning C4244: '인수': 'float'에서 'int'(으)로 변환하면서 데이터가 손실될 수 있습니다.
C:\Users\user\Desktop\kof Git\KOF_project\250304_WinAPI\Character.cpp(19,35): warning C4244: '인수': 'float'에서 'int'(으)로 변환하면서 데이터가 손실될 수 있습니다.
C:\Users\user\Desktop\kof Git\KOF_project\250304_WinAPI\Character.cpp(111,41): warning C4244: '인수': 'float'에서 'int'(으)로 변환하면서 데이터가 손실될 수 있습니다.
C:\Users\user\Desktop\kof Git\KOF_project\250304_WinAPI\Character.cpp(111,34): warning C4244: '인수': 'float'에서 'int'(으)로 변환하면서 데이터가 손실될 수 있습니다.
C:\Users\user\Desktop\kof Git\KOF_project\250304_WinAPI\Character.cpp(118,40): warning C4244: '인수': 'float'에서 'int'(으)로 변환하면서 데이터가 손실될 수 있습니다.
C:\Users\user\Desktop\kof Git\KOF_project\250304_WinAPI\Character.cpp(118,33): warning C4244: '인수': 'float'에서 'int'(으)로 변환하면서 데이터가 손실될 수 있습니다.
C:\Users\user\Desktop\kof Git\KOF_project\250304_WinAPI\Character.cpp(121,43): warning C4244: '인수': 'float'에서 'int'(으)로 변환하면서 데이터가 손실될 수 있습니다.
C:\Users\user\Desktop\kof Git\KOF_project\250304_WinAPI\Character.cpp(121,36): warning C4244: '인수': 'float'에서 'int'(으)로 변환하면서 데이터가 손실될 수 있습니다.
C:\Users\user\Desktop\kof Git\KOF_project\250304_WinAPI\Character.cpp(130,37): warning C4244: '인수': 'float'에서 'int'(으)로 변환하면서 데이터가 손실될 수 있습니다.
C:\Users\user\Desktop\kof Git\KOF_project\250304_WinAPI\Character.cpp(130,30): warning C4244: '인수': 'float'에서 'int'(으)로 변환하면서 데이터가 손실될 수 있습니다.
C:\Users\user\Desktop\kof Git\KOF_project\250304_WinAPI\Character.cpp(164,42): warning C4244: '인수': 'float'에서 'int'(으)로 변환하면서 데이터가 손실될 수 있습니다.
C:\Users\user\Desktop\kof Git\KOF_project\250304_WinAPI\Character.cpp(164,34): warning C4244: '인수': 'float'에서 'int'(으)로 변환하면서 데이터가 손실될 수 있습니다.
C:\Users\user\Desktop\kof Git\KOF_project\250304_WinAPI\Character.cpp(200,44): warning C4244: '인수': 'float'에서 'int'(으)로 변환하면서 데이터가 손실될 수 있습니다.
C:\Users\user\Desktop\kof Git\KOF_project\250304_WinAPI\Character.cpp(200,35): warning C4244: '인수': 'float'에서 'int'(으)로 변환하면서 데이터가 손실될 수 있습니다.
  250304_WinAPI.vcxproj -> C:\Users\user\Desktop\kof Git\KOF_project\x64\Debug\250304_WinAPI.exe
